#
# A fatal error has been detected by the Java Runtime Environment:
#
#  EXCEPTION_ACCESS_VIOLATION (0xc0000005) at pc=0x0000000071d4edc1, pid=6804, tid=0x0000000000000744
#
# JRE version: Java(TM) SE Runtime Environment (8.0_161-b12) (build 1.8.0_161-b12)
# Java VM: Java HotSpot(TM) 64-Bit Server VM (25.161-b12 mixed mode windows-amd64 compressed oops)
# Problematic frame:
# C  0x0000000071d4edc1
#
# Failed to write core dump. Minidumps are not enabled by default on client versions of Windows
#
# If you would like to submit a bug report, please visit:
#   http://bugreport.java.com/bugreport/crash.jsp
# The crash happened outside the Java Virtual Machine in native code.
# See problematic frame for where to report the bug.
#

---------------  T H R E A D  ---------------

Current thread (0x0000000019fbb800):  JavaThread "JavaFX Application Thread" [_thread_in_native, id=1860, stack(0x000000001fbb0000,0x000000001fcb0000)]

siginfo: ExceptionCode=0xc0000005, reading address 0x00000000000000a0

Registers:
RAX=0x000058935363fee1, RBX=0x000000001fcab8e0, RCX=0x0000000000000000, RDX=0x000000001fcab8e0
RSP=0x000000001fcab850, RBP=0x000000001fcabec0, RSI=0x00000000280f6690, RDI=0x000000002e7fe030
R8 =0x0000000000ba5a00, R9 =0x00000000001d5f41, R10=0x00000000280e7e60, R11=0x0000000000000000
R12=0x000000001fcabac0, R13=0x0000000000000000, R14=0x000000001fcabc40, R15=0x000000001fcabac0
RIP=0x0000000071d4edc1, EFLAGS=0x0000000000010206

Top of Stack: (sp=0x000000001fcab850)
0x000000001fcab850:   000000001fcabac0 000000001fcabc40
0x000000001fcab860:   00000000ffffffff 0000000000000004
0x000000001fcab870:   000000001fcabac0 0000000000000000
0x000000001fcab880:   00000000280f6690 00007ffc1b79d92b
0x000000001fcab890:   000000001fcabac0 000000001fcabc40
0x000000001fcab8a0:   00000000ffffffff 000000001fcabac0
0x000000001fcab8b0:   000000002e7fe030 0000000071ef5597
0x000000001fcab8c0:   000000001fcab960 000000001fcabec0
0x000000001fcab8d0:   00000000280f6690 000000008e39e8a8
0x000000001fcab8e0:   0000000000000000 0000000000000000
0x000000001fcab8f0:   00000000280e7eb0 000058935363fee1
0x000000001fcab900:   000000002e7fe030 0000000071ef3620
0x000000001fcab910:   00000000283ddaa0 000000001fcab960
0x000000001fcab920:   000000001fcabec0 00000000280f6690
0x000000001fcab930:   00000000282c5880 00000000719d4f47
0x000000001fcab940:   000000002e7fe030 000000001fcacd58 

Instructions: (pc=0x0000000071d4edc1)
0x0000000071d4eda1:   54 41 55 41 56 41 57 48 83 ec 40 48 c7 02 00 00
0x0000000071d4edb1:   00 00 48 8b da 48 c7 42 08 00 00 00 00 4c 8b e9
0x0000000071d4edc1:   48 8b 91 a0 00 00 00 44 8b a1 ac 00 00 00 49 c1
0x0000000071d4edd1:   e4 04 4c 03 e2 49 3b d4 0f 84 ca 00 00 00 90 4c 


Register to memory mapping:

RAX=0x000058935363fee1 is an unknown value
RBX=0x000000001fcab8e0 is pointing into the stack for thread: 0x0000000019fbb800
RCX=0x0000000000000000 is an unknown value
RDX=0x000000001fcab8e0 is pointing into the stack for thread: 0x0000000019fbb800
RSP=0x000000001fcab850 is pointing into the stack for thread: 0x0000000019fbb800
RBP=0x000000001fcabec0 is pointing into the stack for thread: 0x0000000019fbb800
RSI=0x00000000280f6690 is an unknown value
RDI=0x000000002e7fe030 is an unknown value
R8 =0x0000000000ba5a00 is an unknown value
R9 =0x00000000001d5f41 is an unknown value
R10=0x00000000280e7e60 is an unknown value
R11=0x0000000000000000 is an unknown value
R12=0x000000001fcabac0 is pointing into the stack for thread: 0x0000000019fbb800
R13=0x0000000000000000 is an unknown value
R14=0x000000001fcabc40 is pointing into the stack for thread: 0x0000000019fbb800
R15=0x000000001fcabac0 is pointing into the stack for thread: 0x0000000019fbb800


Stack: [0x000000001fbb0000,0x000000001fcb0000],  sp=0x000000001fcab850,  free space=1006k
Native frames: (J=compiled Java code, j=interpreted, Vv=VM code, C=native code)
C  0x0000000071d4edc1
C  0x0000000071ef5597
C  0x0000000071ef3620
C  0x00000000719d4f47
C  0x0000000071ef56eb
C  0x00000000719cc4b9
C  0x0000000071c847c2
C  0x0000000071c804a7
C  0x0000000071c8441c
C  0x000000007208039c
C  0x0000000003088c67

Java frames: (J=compiled Java code, j=interpreted, Vv=VM code)
j  com.sun.webkit.WebPage.twkProcessMouseEvent(JIIIIIIIZZZZZD)Z+0
j  com.sun.webkit.WebPage.dispatchMouseEvent(Lcom/sun/webkit/event/WCMouseEvent;)Z+142
j  javafx.scene.web.WebView.processMouseEvent(Ljavafx/scene/input/MouseEvent;)V+181
j  javafx.scene.web.WebView.lambda$registerEventHandlers$32(Ljavafx/scene/input/MouseEvent;)V+2
j  javafx.scene.web.WebView$$Lambda$130.handle(Ljavafx/event/Event;)V+8
j  com.sun.javafx.event.CompositeEventHandler$NormalEventHandlerRecord.handleBubblingEvent(Ljavafx/event/Event;)V+5
j  com.sun.javafx.event.CompositeEventHandler.dispatchBubblingEvent(Ljavafx/event/Event;)V+28
J 4590 C1 com.sun.javafx.event.EventHandlerManager.dispatchBubblingEvent(Ljavafx/event/Event;)Ljavafx/event/Event; (23 bytes) @ 0x0000000003ceebdc [0x0000000003cee560+0x67c]
J 4589 C1 com.sun.javafx.event.CompositeEventDispatcher.dispatchBubblingEvent(Ljavafx/event/Event;)Ljavafx/event/Event; (35 bytes) @ 0x0000000003cef55c [0x0000000003cef3a0+0x1bc]
J 4185 C1 com.sun.javafx.event.BasicEventDispatcher.dispatchEvent(Ljavafx/event/Event;Ljavafx/event/EventDispatchChain;)Ljavafx/event/Event; (44 bytes) @ 0x00000000034effbc [0x00000000034efc80+0x33c]
J 4173 C1 com.sun.javafx.event.EventDispatchChainImpl.dispatchEvent(Ljavafx/event/Event;)Ljavafx/event/Event; (101 bytes) @ 0x0000000003c51234 [0x0000000003c51080+0x1b4]
J 4185 C1 com.sun.javafx.event.BasicEventDispatcher.dispatchEvent(Ljavafx/event/Event;Ljavafx/event/EventDispatchChain;)Ljavafx/event/Event; (44 bytes) @ 0x00000000034efed4 [0x00000000034efc80+0x254]
J 4173 C1 com.sun.javafx.event.EventDispatchChainImpl.dispatchEvent(Ljavafx/event/Event;)Ljavafx/event/Event; (101 bytes) @ 0x0000000003c51234 [0x0000000003c51080+0x1b4]
J 4185 C1 com.sun.javafx.event.BasicEventDispatcher.dispatchEvent(Ljavafx/event/Event;Ljavafx/event/EventDispatchChain;)Ljavafx/event/Event; (44 bytes) @ 0x00000000034efed4 [0x00000000034efc80+0x254]
J 4173 C1 com.sun.javafx.event.EventDispatchChainImpl.dispatchEvent(Ljavafx/event/Event;)Ljavafx/event/Event; (101 bytes) @ 0x0000000003c51234 [0x0000000003c51080+0x1b4]
j  com.sun.javafx.event.EventUtil.fireEventImpl(Ljavafx/event/EventDispatchChain;Ljavafx/event/EventTarget;Ljavafx/event/Event;)Ljavafx/event/Event;+10
j  com.sun.javafx.event.EventUtil.fireEvent(Ljavafx/event/EventTarget;Ljavafx/event/Event;)Ljavafx/event/Event;+46
j  javafx.event.Event.fireEvent(Ljavafx/event/EventTarget;Ljavafx/event/Event;)V+30
j  javafx.scene.Scene$MouseHandler.process(Ljavafx/scene/input/MouseEvent;Z)V+491
j  javafx.scene.Scene$MouseHandler.access$1500(Ljavafx/scene/Scene$MouseHandler;Ljavafx/scene/input/MouseEvent;Z)V+3
j  javafx.scene.Scene.impl_processMouseEvent(Ljavafx/scene/input/MouseEvent;)V+6
j  javafx.scene.Scene$ScenePeerListener.mouseEvent(Ljavafx/event/EventType;DDDDLjavafx/scene/input/MouseButton;ZZZZZZZZZ)V+46
j  com.sun.javafx.tk.quantum.EmbeddedScene.lambda$null$293(IIIIIIZZZZIZZZZ)Ljava/lang/Void;+132
j  com.sun.javafx.tk.quantum.EmbeddedScene$$Lambda$206.run()Ljava/lang/Object;+64
v  ~StubRoutines::call_stub
J 1584  java.security.AccessController.doPrivileged(Ljava/security/PrivilegedAction;Ljava/security/AccessControlContext;)Ljava/lang/Object; (0 bytes) @ 0x000000000355fa66 [0x000000000355fa00+0x66]
j  com.sun.javafx.tk.quantum.EmbeddedScene.lambda$mouseEvent$294(IIIIIIZZZZIZZZZ)V+37
j  com.sun.javafx.tk.quantum.EmbeddedScene$$Lambda$205.run()V+64
J 4492 C2 com.sun.javafx.application.PlatformImpl$$Lambda$86.run()Ljava/lang/Object; (8 bytes) @ 0x000000000360a344 [0x000000000360a100+0x244]
v  ~StubRoutines::call_stub
J 1584  java.security.AccessController.doPrivileged(Ljava/security/PrivilegedAction;Ljava/security/AccessControlContext;)Ljava/lang/Object; (0 bytes) @ 0x000000000355fa66 [0x000000000355fa00+0x66]
J 4346 C2 com.sun.glass.ui.InvokeLaterDispatcher$Future.run()V (91 bytes) @ 0x0000000003c99568 [0x0000000003c990e0+0x488]
v  ~StubRoutines::call_stub
j  com.sun.glass.ui.win.WinApplication._runLoop(Ljava/lang/Runnable;)V+0
j  com.sun.glass.ui.win.WinApplication.lambda$null$147(ILjava/lang/Runnable;)V+8
j  com.sun.glass.ui.win.WinApplication$$Lambda$72.run()V+12
j  java.lang.Thread.run()V+11
v  ~StubRoutines::call_stub

---------------  P R O C E S S  ---------------

Java Threads: ( => current thread )
  0x000000001daec000 JavaThread "SwingWorker-pool-2-thread-10" daemon [_thread_blocked, id=7368, stack(0x0000000033fa0000,0x00000000340a0000)]
  0x000000001daeb800 JavaThread "SwingWorker-pool-2-thread-9" daemon [_thread_blocked, id=8708, stack(0x0000000033ba0000,0x0000000033ca0000)]
  0x000000001daea800 JavaThread "SwingWorker-pool-2-thread-8" daemon [_thread_blocked, id=10492, stack(0x00000000337a0000,0x00000000338a0000)]
  0x0000000019440800 JavaThread "SwingWorker-pool-2-thread-7" daemon [_thread_blocked, id=952, stack(0x00000000331a0000,0x00000000332a0000)]
  0x000000001943a800 JavaThread "SwingWorker-pool-2-thread-6" daemon [_thread_blocked, id=3440, stack(0x0000000032fa0000,0x00000000330a0000)]
  0x000000001943b000 JavaThread "SwingWorker-pool-2-thread-5" daemon [_thread_blocked, id=10372, stack(0x000000002ceb0000,0x000000002cfb0000)]
  0x000000001943f800 JavaThread "Disposer" daemon [_thread_blocked, id=12432, stack(0x000000002c9b0000,0x000000002cab0000)]
  0x000000001943e000 JavaThread "Prism Font Disposer" daemon [_thread_blocked, id=13856, stack(0x000000002c0b0000,0x000000002c1b0000)]
  0x000000001943d800 JavaThread "SwingWorker-pool-2-thread-4" daemon [_thread_blocked, id=13712, stack(0x000000002adb0000,0x000000002aeb0000)]
  0x0000000019441000 JavaThread "Thread-7" daemon [_thread_in_native, id=3860, stack(0x000000002aab0000,0x000000002abb0000)]
  0x000000001943c800 JavaThread "SwingWorker-pool-2-thread-3" daemon [_thread_blocked, id=9076, stack(0x000000002acb0000,0x000000002adb0000)]
  0x000000001943f000 JavaThread "SwingWorker-pool-2-thread-2" daemon [_thread_blocked, id=4276, stack(0x000000002abb0000,0x000000002acb0000)]
=>0x0000000019fbb800 JavaThread "JavaFX Application Thread" [_thread_in_native, id=1860, stack(0x000000001fbb0000,0x000000001fcb0000)]
  0x0000000019745000 JavaThread "Thread-6" daemon [_thread_blocked, id=13664, stack(0x000000001fab0000,0x000000001fbb0000)]
  0x000000001a240000 JavaThread "QuantumRenderer-0" daemon [_thread_blocked, id=13404, stack(0x000000001f7b0000,0x000000001f8b0000)]
  0x00000000194ae000 JavaThread "SwingWorker-pool-2-thread-1" daemon [_thread_in_vm, id=10028, stack(0x000000001f3b0000,0x000000001f4b0000)]
  0x0000000019e75800 JavaThread "TimerQueue" daemon [_thread_blocked, id=12260, stack(0x000000001cbb0000,0x000000001ccb0000)]
  0x0000000019c93000 JavaThread "Swing-Shell" daemon [_thread_blocked, id=10852, stack(0x000000001b370000,0x000000001b470000)]
  0x0000000002f72800 JavaThread "DestroyJavaVM" [_thread_blocked, id=12528, stack(0x0000000002e70000,0x0000000002f70000)]
  0x0000000019bed800 JavaThread "AWT-EventQueue-0" [_thread_in_native, id=7212, stack(0x000000001af30000,0x000000001b030000)]
  0x0000000019b9a800 JavaThread "AWT-Windows" daemon [_thread_in_native, id=12304, stack(0x000000001a550000,0x000000001a650000)]
  0x0000000019b93800 JavaThread "AWT-Shutdown" [_thread_blocked, id=3864, stack(0x000000001a450000,0x000000001a550000)]
  0x0000000019b92800 JavaThread "Java2D Disposer" daemon [_thread_blocked, id=8416, stack(0x000000001a350000,0x000000001a450000)]
  0x0000000017bfe000 JavaThread "Service Thread" daemon [_thread_blocked, id=10764, stack(0x0000000019810000,0x0000000019910000)]
  0x0000000017bb5000 JavaThread "C1 CompilerThread2" daemon [_thread_blocked, id=12040, stack(0x0000000019310000,0x0000000019410000)]
  0x0000000017ba5000 JavaThread "C2 CompilerThread1" daemon [_thread_blocked, id=1820, stack(0x0000000019210000,0x0000000019310000)]
  0x0000000017b9e000 JavaThread "C2 CompilerThread0" daemon [_thread_blocked, id=3116, stack(0x0000000019110000,0x0000000019210000)]
  0x0000000017b9c800 JavaThread "Attach Listener" daemon [_thread_blocked, id=10164, stack(0x0000000019010000,0x0000000019110000)]
  0x0000000017b9b800 JavaThread "Signal Dispatcher" daemon [_thread_blocked, id=10576, stack(0x0000000018f10000,0x0000000019010000)]
  0x000000000306d800 JavaThread "Finalizer" daemon [_thread_blocked, id=4028, stack(0x0000000018e10000,0x0000000018f10000)]
  0x0000000003062000 JavaThread "Reference Handler" daemon [_thread_blocked, id=11372, stack(0x0000000018d10000,0x0000000018e10000)]

Other Threads:
  0x0000000017b67000 VMThread [stack: 0x0000000018c10000,0x0000000018d10000] [id=12988]
  0x0000000019462000 WatcherThread [stack: 0x0000000019910000,0x0000000019a10000] [id=10216]

VM state:not at safepoint (normal execution)

VM Mutex/Monitor currently owned by a thread: None

Heap:
 PSYoungGen      total 683008K, used 356204K [0x00000000d5f00000, 0x0000000100000000, 0x0000000100000000)
  eden space 677376K, 52% used [0x00000000d5f00000,0x00000000ebabb1b8,0x00000000ff480000)
  from space 5632K, 2% used [0x00000000ff480000,0x00000000ff4a0000,0x00000000ffa00000)
  to   space 5632K, 0% used [0x00000000ffa80000,0x00000000ffa80000,0x0000000100000000)
 ParOldGen       total 570368K, used 224385K [0x0000000081c00000, 0x00000000a4900000, 0x00000000d5f00000)
  object space 570368K, 39% used [0x0000000081c00000,0x000000008f720550,0x00000000a4900000)
 Metaspace       used 29795K, capacity 30680K, committed 30720K, reserved 1075200K
  class space    used 3864K, capacity 4084K, committed 4096K, reserved 1048576K

Card table byte_map: [0x0000000012430000,0x0000000012830000] byte_map_base: 0x0000000012022000

Marking Bits: (ParMarkBitMap*) 0x0000000077a5f860
 Begin Bits: [0x0000000012ee0000, 0x0000000014e70000)
 End Bits:   [0x0000000014e70000, 0x0000000016e00000)

Polling page: 0x0000000001410000

CodeCache: size=245760Kb used=13639Kb max_used=13654Kb free=232120Kb
 bounds [0x0000000003070000, 0x0000000003de0000, 0x0000000012070000]
 total_blobs=5206 nmethods=4365 adapters=750
 compilation: enabled

Compilation events (10 events):
Event: 551.379 Thread 0x0000000017b9e000 5098       4       java.lang.invoke.LambdaForm$MH/456578540::linkToTargetMethod (9 bytes)
Event: 551.379 Thread 0x0000000017ba5000 5099       4       java.lang.invoke.LambdaForm$DMH/1360875712::invokeStatic_L_L (14 bytes)
Event: 551.380 Thread 0x0000000017ba5000 nmethod 5099 0x0000000003c08cd0 code [0x0000000003c08e20, 0x0000000003c08ec8]
Event: 551.380 Thread 0x0000000017b9e000 nmethod 5098 0x0000000003dae390 code [0x0000000003dae4e0, 0x0000000003dae598]
Event: 562.385 Thread 0x0000000017b9e000 5100       4       java.util.HashMap$HashIterator::<init> (79 bytes)
Event: 562.388 Thread 0x0000000017b9e000 nmethod 5100 0x00000000038acfd0 code [0x00000000038ad120, 0x00000000038ad358]
Event: 563.469 Thread 0x0000000017ba5000 5101   !   4       java.lang.ref.Reference::tryHandlePending (115 bytes)
Event: 563.474 Thread 0x0000000017ba5000 nmethod 5101 0x00000000038ade90 code [0x00000000038ae040, 0x00000000038ae990]
Event: 586.502 Thread 0x0000000017bb5000 5102       3       com.sun.java.swing.plaf.windows.AnimationController::normalizeState (104 bytes)
Event: 586.503 Thread 0x0000000017bb5000 nmethod 5102 0x00000000038ad950 code [0x00000000038adac0, 0x00000000038add90]

GC Heap History (10 events):
Event: 563.462 GC heap before
{Heap before GC invocations=504 (full 5):
 PSYoungGen      total 683520K, used 679157K [0x00000000d5f00000, 0x0000000100000000, 0x0000000100000000)
  eden space 677888K, 100% used [0x00000000d5f00000,0x00000000ff500000,0x00000000ff500000)
  from space 5632K, 22% used [0x00000000ffa80000,0x00000000ffbbd7a0,0x0000000100000000)
  to   space 5632K, 0% used [0x00000000ff500000,0x00000000ff500000,0x00000000ffa80000)
 ParOldGen       total 570368K, used 224353K [0x0000000081c00000, 0x00000000a4900000, 0x00000000d5f00000)
  object space 570368K, 39% used [0x0000000081c00000,0x000000008f718540,0x00000000a4900000)
 Metaspace       used 29795K, capacity 30680K, committed 30720K, reserved 1075200K
  class space    used 3864K, capacity 4084K, committed 4096K, reserved 1048576K
Event: 563.468 GC heap after
Heap after GC invocations=504 (full 5):
 PSYoungGen      total 683520K, used 2961K [0x00000000d5f00000, 0x0000000100000000, 0x0000000100000000)
  eden space 677888K, 0% used [0x00000000d5f00000,0x00000000d5f00000,0x00000000ff500000)
  from space 5632K, 52% used [0x00000000ff500000,0x00000000ff7e4518,0x00000000ffa80000)
  to   space 5632K, 0% used [0x00000000ffa80000,0x00000000ffa80000,0x0000000100000000)
 ParOldGen       total 570368K, used 224353K [0x0000000081c00000, 0x00000000a4900000, 0x00000000d5f00000)
  object space 570368K, 39% used [0x0000000081c00000,0x000000008f718540,0x00000000a4900000)
 Metaspace       used 29795K, capacity 30680K, committed 30720K, reserved 1075200K
  class space    used 3864K, capacity 4084K, committed 4096K, reserved 1048576K
}
Event: 564.407 GC heap before
{Heap before GC invocations=505 (full 5):
 PSYoungGen      total 683520K, used 680849K [0x00000000d5f00000, 0x0000000100000000, 0x0000000100000000)
  eden space 677888K, 100% used [0x00000000d5f00000,0x00000000ff500000,0x00000000ff500000)
  from space 5632K, 52% used [0x00000000ff500000,0x00000000ff7e4518,0x00000000ffa80000)
  to   space 5632K, 0% used [0x00000000ffa80000,0x00000000ffa80000,0x0000000100000000)
 ParOldGen       total 570368K, used 224353K [0x0000000081c00000, 0x00000000a4900000, 0x00000000d5f00000)
  object space 570368K, 39% used [0x0000000081c00000,0x000000008f718540,0x00000000a4900000)
 Metaspace       used 29795K, capacity 30680K, committed 30720K, reserved 1075200K
  class space    used 3864K, capacity 4084K, committed 4096K, reserved 1048576K
Event: 564.410 GC heap after
Heap after GC invocations=505 (full 5):
 PSYoungGen      total 683520K, used 1173K [0x00000000d5f00000, 0x0000000100000000, 0x0000000100000000)
  eden space 677888K, 0% used [0x00000000d5f00000,0x00000000d5f00000,0x00000000ff500000)
  from space 5632K, 20% used [0x00000000ffa80000,0x00000000ffba57a0,0x0000000100000000)
  to   space 5632K, 0% used [0x00000000ff500000,0x00000000ff500000,0x00000000ffa80000)
 ParOldGen       total 570368K, used 224385K [0x0000000081c00000, 0x00000000a4900000, 0x00000000d5f00000)
  object space 570368K, 39% used [0x0000000081c00000,0x000000008f720550,0x00000000a4900000)
 Metaspace       used 29795K, capacity 30680K, committed 30720K, reserved 1075200K
  class space    used 3864K, capacity 4084K, committed 4096K, reserved 1048576K
}
Event: 565.309 GC heap before
{Heap before GC invocations=506 (full 5):
 PSYoungGen      total 683520K, used 679061K [0x00000000d5f00000, 0x0000000100000000, 0x0000000100000000)
  eden space 677888K, 100% used [0x00000000d5f00000,0x00000000ff500000,0x00000000ff500000)
  from space 5632K, 20% used [0x00000000ffa80000,0x00000000ffba57a0,0x0000000100000000)
  to   space 5632K, 0% used [0x00000000ff500000,0x00000000ff500000,0x00000000ffa80000)
 ParOldGen       total 570368K, used 224385K [0x0000000081c00000, 0x00000000a4900000, 0x00000000d5f00000)
  object space 570368K, 39% used [0x0000000081c00000,0x000000008f720550,0x00000000a4900000)
 Metaspace       used 29795K, capacity 30680K, committed 30720K, reserved 1075200K
  class space    used 3864K, capacity 4084K, committed 4096K, reserved 1048576K
Event: 565.314 GC heap after
Heap after GC invocations=506 (full 5):
 PSYoungGen      total 680960K, used 2673K [0x00000000d5f00000, 0x00000000fff00000, 0x0000000100000000)
  eden space 677888K, 0% used [0x00000000d5f00000,0x00000000d5f00000,0x00000000ff500000)
  from space 3072K, 87% used [0x00000000ff500000,0x00000000ff79c518,0x00000000ff800000)
  to   space 5120K, 0% used [0x00000000ffa00000,0x00000000ffa00000,0x00000000fff00000)
 ParOldGen       total 570368K, used 224385K [0x0000000081c00000, 0x00000000a4900000, 0x00000000d5f00000)
  object space 570368K, 39% used [0x0000000081c00000,0x000000008f720550,0x00000000a4900000)
 Metaspace       used 29795K, capacity 30680K, committed 30720K, reserved 1075200K
  class space    used 3864K, capacity 4084K, committed 4096K, reserved 1048576K
}
Event: 566.233 GC heap before
{Heap before GC invocations=507 (full 5):
 PSYoungGen      total 680960K, used 680561K [0x00000000d5f00000, 0x00000000fff00000, 0x0000000100000000)
  eden space 677888K, 100% used [0x00000000d5f00000,0x00000000ff500000,0x00000000ff500000)
  from space 3072K, 87% used [0x00000000ff500000,0x00000000ff79c518,0x00000000ff800000)
  to   space 5120K, 0% used [0x00000000ffa00000,0x00000000ffa00000,0x00000000fff00000)
 ParOldGen       total 570368K, used 224385K [0x0000000081c00000, 0x00000000a4900000, 0x00000000d5f00000)
  object space 570368K, 39% used [0x0000000081c00000,0x000000008f720550,0x00000000a4900000)
 Metaspace       used 29795K, capacity 30680K, committed 30720K, reserved 1075200K
  class space    used 3864K, capacity 4084K, committed 4096K, reserved 1048576K
Event: 566.240 GC heap after
Heap after GC invocations=507 (full 5):
 PSYoungGen      total 682496K, used 4009K [0x00000000d5f00000, 0x0000000100000000, 0x0000000100000000)
  eden space 677376K, 0% used [0x00000000d5f00000,0x00000000d5f00000,0x00000000ff480000)
  from space 5120K, 78% used [0x00000000ffa00000,0x00000000ffdea798,0x00000000fff00000)
  to   space 5632K, 0% used [0x00000000ff480000,0x00000000ff480000,0x00000000ffa00000)
 ParOldGen       total 570368K, used 224385K [0x0000000081c00000, 0x00000000a4900000, 0x00000000d5f00000)
  object space 570368K, 39% used [0x0000000081c00000,0x000000008f720550,0x00000000a4900000)
 Metaspace       used 29795K, capacity 30680K, committed 30720K, reserved 1075200K
  class space    used 3864K, capacity 4084K, committed 4096K, reserved 1048576K
}
Event: 576.953 GC heap before
{Heap before GC invocations=508 (full 5):
 PSYoungGen      total 682496K, used 681385K [0x00000000d5f00000, 0x0000000100000000, 0x0000000100000000)
  eden space 677376K, 100% used [0x00000000d5f00000,0x00000000ff480000,0x00000000ff480000)
  from space 5120K, 78% used [0x00000000ffa00000,0x00000000ffdea798,0x00000000fff00000)
  to   space 5632K, 0% used [0x00000000ff480000,0x00000000ff480000,0x00000000ffa00000)
 ParOldGen       total 570368K, used 224385K [0x0000000081c00000, 0x00000000a4900000, 0x00000000d5f00000)
  object space 570368K, 39% used [0x0000000081c00000,0x000000008f720550,0x00000000a4900000)
 Metaspace       used 29795K, capacity 30680K, committed 30720K, reserved 1075200K
  class space    used 3864K, capacity 4084K, committed 4096K, reserved 1048576K
Event: 576.955 GC heap after
Heap after GC invocations=508 (full 5):
 PSYoungGen      total 683008K, used 128K [0x00000000d5f00000, 0x0000000100000000, 0x0000000100000000)
  eden space 677376K, 0% used [0x00000000d5f00000,0x00000000d5f00000,0x00000000ff480000)
  from space 5632K, 2% used [0x00000000ff480000,0x00000000ff4a0000,0x00000000ffa00000)
  to   space 5632K, 0% used [0x00000000ffa80000,0x00000000ffa80000,0x0000000100000000)
 ParOldGen       total 570368K, used 224385K [0x0000000081c00000, 0x00000000a4900000, 0x00000000d5f00000)
  object space 570368K, 39% used [0x0000000081c00000,0x000000008f720550,0x00000000a4900000)
 Metaspace       used 29795K, capacity 30680K, committed 30720K, reserved 1075200K
  class space    used 3864K, capacity 4084K, committed 4096K, reserved 1048576K
}

Deoptimization events (10 events):
Event: 101.079 Thread 0x0000000019bed800 Uncommon trap: reason=unstable_if action=reinterpret pc=0x000000000379dce4 method=java.awt.Container.findComponentAtImpl(IIZ)Ljava/awt/Component; @ 24
Event: 106.715 Thread 0x000000001943c800 Uncommon trap: reason=unstable_if action=reinterpret pc=0x000000000384e32c method=java.util.concurrent.locks.AbstractQueuedSynchronizer$ConditionObject.doSignal(Ljava/util/concurrent/locks/AbstractQueuedSynchronizer$Node;)V @ 9
Event: 113.311 Thread 0x0000000019bed800 Uncommon trap: reason=unstable_if action=reinterpret pc=0x00000000031ab3a4 method=java.util.concurrent.locks.AbstractQueuedSynchronizer$ConditionObject.doSignal(Ljava/util/concurrent/locks/AbstractQueuedSynchronizer$Node;)V @ 9
Event: 113.348 Thread 0x0000000019bed800 Uncommon trap: reason=unstable_if action=reinterpret pc=0x0000000003c4a7fc method=javax.swing.SwingUtilities.layoutCompoundLabelImpl(Ljavax/swing/JComponent;Ljava/awt/FontMetrics;Ljava/lang/String;Ljavax/swing/Icon;IIIILjava/awt/Rectangle;Ljava/awt/Rectan
Event: 130.489 Thread 0x0000000019bed800 Uncommon trap: reason=unstable_if action=reinterpret pc=0x000000000388b8ec method=java.awt.Container.getMouseEventTargetImpl(IIZLjava/awt/Container$EventTargetFilter;ZZ)Ljava/awt/Component; @ 218
Event: 248.765 Thread 0x000000001943f800 Uncommon trap: reason=unstable_if action=reinterpret pc=0x0000000003904914 method=java.util.concurrent.locks.AbstractQueuedSynchronizer.acquireQueued(Ljava/util/concurrent/locks/AbstractQueuedSynchronizer$Node;I)Z @ 17
Event: 248.765 Thread 0x0000000019745000 Uncommon trap: reason=unstable_if action=reinterpret pc=0x0000000003a87660 method=java.util.concurrent.locks.AbstractQueuedSynchronizer.isOnSyncQueue(Ljava/util/concurrent/locks/AbstractQueuedSynchronizer$Node;)Z @ 22
Event: 466.758 Thread 0x000000001943d800 Uncommon trap: reason=unloaded action=reinterpret pc=0x0000000003c37988 method=remotemapper.RemoteMapper$SaveWorkspace.doInBackground()Ljava/lang/Void; @ 355
Event: 466.758 Thread 0x000000001943d800 Uncommon trap: reason=unstable_if action=reinterpret pc=0x0000000003ad2e5c method=java.util.logging.Logger.isLoggable(Ljava/util/logging/Level;)Z @ 8
Event: 466.765 Thread 0x000000001943d800 Uncommon trap: reason=unstable_if action=reinterpret pc=0x0000000003969394 method=sun.nio.cs.StreamEncoder.write([CII)V @ 49

Classes redefined (0 events):
No events

Internal exceptions (10 events):
Event: 40.215 Thread 0x000000001943a800 Exception <a 'java/lang/ArrayIndexOutOfBoundsException'> (0x00000000ecf99020) thrown at [C:\re\workspace\8-2-build-windows-amd64-cygwin\jdk8u161\10277\hotspot\src\share\vm\runtime\sharedRuntime.cpp, line 605]
Event: 51.163 Thread 0x000000001daea800 Exception <a 'java/lang/ArrayIndexOutOfBoundsException'> (0x00000000e2f5ac60) thrown at [C:\re\workspace\8-2-build-windows-amd64-cygwin\jdk8u161\10277\hotspot\src\share\vm\runtime\sharedRuntime.cpp, line 605]
Event: 116.974 Thread 0x0000000019bed800 Exception <a 'java/lang/ArrayIndexOutOfBoundsException': -1> (0x00000000e2033040) thrown at [C:\re\workspace\8-2-build-windows-amd64-cygwin\jdk8u161\10277\hotspot\src\share\vm\interpreter\interpreterRuntime.cpp, line 366]
Event: 116.974 Thread 0x0000000019bed800 Exception <a 'java/lang/ArrayIndexOutOfBoundsException'> (0x00000000e2033040) thrown at [C:\re\workspace\8-2-build-windows-amd64-cygwin\jdk8u161\10277\hotspot\src\share\vm\prims\jvm.cpp, line 1394]
Event: 116.974 Thread 0x0000000019bed800 Exception <a 'java/lang/ArrayIndexOutOfBoundsException'> (0x00000000e2033040) thrown at [C:\re\workspace\8-2-build-windows-amd64-cygwin\jdk8u161\10277\hotspot\src\share\vm\prims\jvm.cpp, line 1394]
Event: 466.758 Thread 0x000000001943d800 Exception <a 'java/io/FileNotFoundException'> (0x00000000d7349978) thrown at [C:\re\workspace\8-2-build-windows-amd64-cygwin\jdk8u161\10277\hotspot\src\share\vm\prims\jni.cpp, line 709]
Event: 466.765 Thread 0x000000001943d800 Exception <a 'java/lang/NullPointerException'> (0x00000000d735ba80) thrown at [C:\re\workspace\8-2-build-windows-amd64-cygwin\jdk8u161\10277\hotspot\src\share\vm\interpreter\linkResolver.cpp, line 1185]
Event: 506.757 Thread 0x0000000019440800 Exception <a 'java/io/FileNotFoundException'> (0x00000000f6b199a0) thrown at [C:\re\workspace\8-2-build-windows-amd64-cygwin\jdk8u161\10277\hotspot\src\share\vm\prims\jni.cpp, line 709]
Event: 506.758 Thread 0x0000000019440800 Implicit null exception at 0x0000000003db802c to 0x0000000003db97e5
Event: 506.758 Thread 0x0000000019440800 Exception <a 'java/lang/NullPointerException'> (0x00000000f6b26fe8) thrown at [C:\re\workspace\8-2-build-windows-amd64-cygwin\jdk8u161\10277\hotspot\src\share\vm\runtime\sharedRuntime.cpp, line 605]

Events (10 events):
Event: 566.233 Executing VM operation: ParallelGCFailedAllocation
Event: 566.240 Executing VM operation: ParallelGCFailedAllocation done
Event: 576.953 Executing VM operation: ParallelGCFailedAllocation
Event: 576.955 Executing VM operation: ParallelGCFailedAllocation done
Event: 586.752 Executing VM operation: RevokeBias
Event: 586.752 Executing VM operation: RevokeBias done
Event: 586.752 Thread 0x00000000194ae000 DEOPT PACKING pc=0x0000000003db949d sp=0x000000001f4aec80
Event: 586.752 Thread 0x00000000194ae000 DEOPT UNPACKING pc=0x00000000030b7890 sp=0x000000001f4aeb68 mode 0
Event: 586.755 Executing VM operation: RevokeBias
Event: 586.755 Executing VM operation: RevokeBias done


Dynamic libraries:
0x00007ff664950000 - 0x00007ff664987000 	C:\Program Files\Java\jdk1.8.0_161\bin\java.exe
0x00007ffc1f1b0000 - 0x00007ffc1f391000 	C:\WINDOWS\SYSTEM32\ntdll.dll
0x00007ffc1dcb0000 - 0x00007ffc1dd62000 	C:\WINDOWS\System32\KERNEL32.DLL
0x00007ffc1c020000 - 0x00007ffc1c293000 	C:\WINDOWS\System32\KERNELBASE.dll
0x00007ffc1de20000 - 0x00007ffc1dec1000 	C:\WINDOWS\System32\ADVAPI32.dll
0x00007ffc1c7d0000 - 0x00007ffc1c86e000 	C:\WINDOWS\System32\msvcrt.dll
0x00007ffc1ea20000 - 0x00007ffc1ea7b000 	C:\WINDOWS\System32\sechost.dll
0x00007ffc1df80000 - 0x00007ffc1e0a4000 	C:\WINDOWS\System32\RPCRT4.dll
0x00007ffc1c640000 - 0x00007ffc1c7d0000 	C:\WINDOWS\System32\USER32.dll
0x00007ffc1b580000 - 0x00007ffc1b5a0000 	C:\WINDOWS\System32\win32u.dll
0x00007ffc1e9f0000 - 0x00007ffc1ea18000 	C:\WINDOWS\System32\GDI32.dll
0x00007ffc1c400000 - 0x00007ffc1c592000 	C:\WINDOWS\System32\gdi32full.dll
0x00007ffc1c5a0000 - 0x00007ffc1c63f000 	C:\WINDOWS\System32\msvcp_win.dll
0x00007ffc1b790000 - 0x00007ffc1b88a000 	C:\WINDOWS\System32\ucrtbase.dll
0x00007ffc0b2a0000 - 0x00007ffc0b509000 	C:\WINDOWS\WinSxS\amd64_microsoft.windows.common-controls_6595b64144ccf1df_6.0.17134.228_none_fb4599993062b194\COMCTL32.dll
0x00007ffc1eb50000 - 0x00007ffc1ee73000 	C:\WINDOWS\System32\combase.dll
0x00007ffc1b890000 - 0x00007ffc1b90a000 	C:\WINDOWS\System32\bcryptPrimitives.dll
0x00007ffc1df50000 - 0x00007ffc1df7d000 	C:\WINDOWS\System32\IMM32.DLL
0x0000000077160000 - 0x0000000077232000 	C:\Program Files\Java\jdk1.8.0_161\jre\bin\msvcr100.dll
0x0000000077240000 - 0x0000000077adf000 	C:\Program Files\Java\jdk1.8.0_161\jre\bin\server\jvm.dll
0x00007ffc1dee0000 - 0x00007ffc1dee8000 	C:\WINDOWS\System32\PSAPI.DLL
0x00007ffc1a0d0000 - 0x00007ffc1a0d9000 	C:\WINDOWS\SYSTEM32\WSOCK32.dll
0x00007ffc15ab0000 - 0x00007ffc15aba000 	C:\WINDOWS\SYSTEM32\VERSION.dll
0x00007ffc1f110000 - 0x00007ffc1f17c000 	C:\WINDOWS\System32\WS2_32.dll
0x00007ffc16f10000 - 0x00007ffc16f33000 	C:\WINDOWS\SYSTEM32\WINMM.dll
0x00007ffc16ee0000 - 0x00007ffc16f0a000 	C:\WINDOWS\SYSTEM32\winmmbase.dll
0x00007ffc1c2a0000 - 0x00007ffc1c2e9000 	C:\WINDOWS\System32\cfgmgr32.dll
0x0000000050000000 - 0x000000005000f000 	C:\Program Files\Java\jdk1.8.0_161\jre\bin\verify.dll
0x0000000077d90000 - 0x0000000077db9000 	C:\Program Files\Java\jdk1.8.0_161\jre\bin\java.dll
0x0000000077d70000 - 0x0000000077d86000 	C:\Program Files\Java\jdk1.8.0_161\jre\bin\zip.dll
0x00007ffc1c870000 - 0x00007ffc1dcb0000 	C:\WINDOWS\System32\SHELL32.dll
0x00007ffc1dd70000 - 0x00007ffc1de19000 	C:\WINDOWS\System32\shcore.dll
0x00007ffc1b910000 - 0x00007ffc1c01d000 	C:\WINDOWS\System32\windows.storage.dll
0x00007ffc1e810000 - 0x00007ffc1e861000 	C:\WINDOWS\System32\shlwapi.dll
0x00007ffc1b540000 - 0x00007ffc1b551000 	C:\WINDOWS\System32\kernel.appcore.dll
0x00007ffc1b4d0000 - 0x00007ffc1b4ef000 	C:\WINDOWS\System32\profapi.dll
0x00007ffc1b4f0000 - 0x00007ffc1b53c000 	C:\WINDOWS\System32\powrprof.dll
0x00007ffc1b4c0000 - 0x00007ffc1b4ca000 	C:\WINDOWS\System32\FLTLIB.DLL
0x0000000076fc0000 - 0x0000000077158000 	C:\Program Files\Java\jdk1.8.0_161\jre\bin\awt.dll
0x00007ffc1f040000 - 0x00007ffc1f102000 	C:\WINDOWS\System32\OLEAUT32.dll
0x00007ffc18c20000 - 0x00007ffc18cab000 	C:\WINDOWS\SYSTEM32\apphelp.dll
0x00007ffc18d50000 - 0x00007ffc18de8000 	C:\WINDOWS\system32\uxtheme.dll
0x00007ffc1e870000 - 0x00007ffc1e9e5000 	C:\WINDOWS\System32\MSCTF.dll
0x00007ffc19890000 - 0x00007ffc198b9000 	C:\WINDOWS\system32\dwmapi.dll
0x00007ffc1eee0000 - 0x00007ffc1f031000 	C:\WINDOWS\System32\ole32.dll
0x00007ffc04480000 - 0x00007ffc045a0000 	C:\WINDOWS\system32\opengl32.dll
0x00007ffc0e280000 - 0x00007ffc0e2ac000 	C:\WINDOWS\SYSTEM32\GLU32.dll
0x0000000076f70000 - 0x0000000076fb7000 	C:\Program Files\Java\jdk1.8.0_161\jre\bin\fontmanager.dll
0x0000000077d50000 - 0x0000000077d6a000 	C:\Program Files\Java\jdk1.8.0_161\jre\bin\net.dll
0x00007ffc1ad40000 - 0x00007ffc1ada6000 	C:\WINDOWS\system32\mswsock.dll
0x0000000077d30000 - 0x0000000077d41000 	C:\Program Files\Java\jdk1.8.0_161\jre\bin\nio.dll
0x00007ffc15cd0000 - 0x00007ffc15d77000 	C:\WINDOWS\WinSxS\amd64_microsoft.windows.common-controls_6595b64144ccf1df_5.82.17134.228_none_f95000f73097dead\comctl32.dll
0x00007ffc1eab0000 - 0x00007ffc1eb50000 	C:\WINDOWS\System32\clbcatq.dll
0x00007ffc191d0000 - 0x00007ffc19384000 	C:\WINDOWS\system32\propsys.dll
0x00007ffc0e580000 - 0x00007ffc0e6a7000 	C:\WINDOWS\system32\NetworkExplorer.dll
0x00007ffc13c70000 - 0x00007ffc1430b000 	C:\Windows\System32\OneCoreUAPCommonProxyStub.dll
0x00007ffc168d0000 - 0x00007ffc16a7e000 	C:\WINDOWS\SYSTEM32\WindowsCodecs.dll
0x00007ffc00c70000 - 0x00007ffc00ccc000 	C:\Windows\System32\thumbcache.dll
0x00007ffc11a20000 - 0x00007ffc11a9f000 	C:\WINDOWS\SYSTEM32\policymanager.dll
0x00007ffc174b0000 - 0x00007ffc17541000 	C:\WINDOWS\SYSTEM32\msvcp110_win.dll
0x0000000076f20000 - 0x0000000076f62000 	C:\Program Files\Java\jdk1.8.0_161\jre\bin\t2k.dll
0x00007ffbff1f0000 - 0x00007ffbff20a000 	C:\WINDOWS\SYSTEM32\MPR.dll
0x00007ffc0d930000 - 0x00007ffc0d93b000 	C:\WINDOWS\System32\drprov.dll
0x00007ffc1a600000 - 0x00007ffc1a656000 	C:\WINDOWS\System32\WINSTA.dll
0x00007ffbf71c0000 - 0x00007ffbf71d6000 	C:\WINDOWS\System32\ntlanman.dll
0x00007ffbf66d0000 - 0x00007ffbf66ed000 	C:\WINDOWS\System32\davclnt.dll
0x00007ffc0d640000 - 0x00007ffc0d64c000 	C:\WINDOWS\System32\DAVHLPR.dll
0x00007ffc11930000 - 0x00007ffc11947000 	C:\WINDOWS\System32\wkscli.dll
0x00007ffc1b020000 - 0x00007ffc1b045000 	C:\WINDOWS\System32\bcrypt.dll
0x00007ffc03b40000 - 0x00007ffc03b52000 	C:\WINDOWS\SYSTEM32\cscapi.dll
0x00007ffc1abc0000 - 0x00007ffc1abce000 	C:\WINDOWS\System32\netutils.dll
0x00007ffbf05f0000 - 0x00007ffbf063a000 	C:\Windows\System32\dlnashext.dll
0x00007ffc0f250000 - 0x00007ffc0f2b3000 	C:\Windows\System32\PlayToDevice.dll
0x00007ffc00c50000 - 0x00007ffc00c6e000 	C:\Windows\System32\DevDispItemProvider.dll
0x00007ffc11450000 - 0x00007ffc114c6000 	C:\WINDOWS\System32\MMDevApi.dll
0x00007ffc1b2d0000 - 0x00007ffc1b2f7000 	C:\WINDOWS\System32\DEVOBJ.dll
0x00007ffbecf90000 - 0x00007ffbed171000 	C:\WINDOWS\system32\wpdshext.dll
0x00007ffc0ba20000 - 0x00007ffc0bbba000 	C:\WINDOWS\WinSxS\amd64_microsoft.windows.gdiplus_6595b64144ccf1df_1.1.17134.228_none_2c308c7e8af52b62\gdiplus.dll
0x00007ffbf2a40000 - 0x00007ffbf2adc000 	C:\Windows\System32\PortableDeviceApi.dll
0x00007ffc1e3c0000 - 0x00007ffc1e80b000 	C:\WINDOWS\System32\SETUPAPI.dll
0x00007ffc1c3a0000 - 0x00007ffc1c3f7000 	C:\WINDOWS\System32\WINTRUST.dll
0x00007ffc1b560000 - 0x00007ffc1b572000 	C:\WINDOWS\System32\MSASN1.dll
0x00007ffc1b5a0000 - 0x00007ffc1b782000 	C:\WINDOWS\System32\CRYPT32.dll
0x00007ffbffae0000 - 0x00007ffbffb17000 	C:\Windows\System32\EhStorShell.dll
0x00007ffc16f40000 - 0x00007ffc16f65000 	C:\Windows\System32\EhStorAPI.dll
0x00007ffc1a0e0000 - 0x00007ffc1a0f3000 	C:\Windows\System32\WTSAPI32.dll
0x00007ffc06900000 - 0x00007ffc0690d000 	C:\WINDOWS\SYSTEM32\LINKINFO.dll
0x00007ffc0b880000 - 0x00007ffc0b88c000 	C:\WINDOWS\SYSTEM32\Secur32.dll
0x00007ffc1b3c0000 - 0x00007ffc1b3f0000 	C:\WINDOWS\SYSTEM32\SSPICLI.DLL
0x00007ffc00cd0000 - 0x00007ffc00d28000 	C:\WINDOWS\system32\dataexchange.dll
0x00007ffc17c60000 - 0x00007ffc17f6b000 	C:\WINDOWS\system32\d3d11.dll
0x00007ffc18540000 - 0x00007ffc186dc000 	C:\WINDOWS\system32\dcomp.dll
0x00007ffc1a260000 - 0x00007ffc1a31b000 	C:\WINDOWS\system32\dxgi.dll
0x00007ffc19910000 - 0x00007ffc19ac8000 	C:\WINDOWS\system32\twinapi.appcore.dll
0x00007ffc19860000 - 0x00007ffc19881000 	C:\WINDOWS\system32\RMCLIENT.dll
0x00007ffc07fb0000 - 0x00007ffc08047000 	C:\WINDOWS\System32\TextInputFramework.dll
0x00007ffc160f0000 - 0x00007ffc1640e000 	C:\WINDOWS\System32\CoreUIComponents.dll
0x00007ffc18a20000 - 0x00007ffc18afa000 	C:\WINDOWS\System32\CoreMessaging.dll
0x00007ffc17080000 - 0x00007ffc171cd000 	C:\WINDOWS\SYSTEM32\wintypes.dll
0x00007ffc1a590000 - 0x00007ffc1a5c1000 	C:\WINDOWS\SYSTEM32\ntmarta.dll
0x00007ffc10450000 - 0x00007ffc10473000 	C:\Users\rohu7\AppData\Local\Temp\1534843727264-jSerialComm.dll
0x0000000180000000 - 0x000000018004e000 	C:\Users\rohu7\AppData\Local\Temp\FTD2XX.dll
0x00007ffc0e160000 - 0x00007ffc0e27f000 	C:\Windows\System32\MrmCoreR.dll
0x00007ffc0b540000 - 0x00007ffc0b7e5000 	C:\Windows\System32\iertutil.dll
0x00007ffc0aca0000 - 0x00007ffc0acc9000 	C:\Windows\System32\bcp47mrm.dll
0x00007ffc07a50000 - 0x00007ffc07b64000 	C:\Windows\System32\Windows.UI.dll
0x00007ffc0b070000 - 0x00007ffc0b0e9000 	C:\Windows\System32\InputHost.dll
0x00007ffbf7170000 - 0x00007ffbf71b4000 	C:\WINDOWS\SYSTEM32\edputil.dll
0x00007ffc0ecf0000 - 0x00007ffc0ee21000 	C:\Windows\System32\Windows.StateRepositoryPS.dll
0x000000001b2c0000 - 0x000000001b2c3000 	C:\Program Files\Java\jdk1.8.0_161\jre\bin\api-ms-win-core-console-l1-1-0.dll
0x000000001b2d0000 - 0x000000001b2d3000 	C:\Program Files\Java\jdk1.8.0_161\jre\bin\api-ms-win-core-datetime-l1-1-0.dll
0x000000001b2e0000 - 0x000000001b2e3000 	C:\Program Files\Java\jdk1.8.0_161\jre\bin\api-ms-win-core-debug-l1-1-0.dll
0x000000001b2f0000 - 0x000000001b2f3000 	C:\Program Files\Java\jdk1.8.0_161\jre\bin\api-ms-win-core-errorhandling-l1-1-0.dll
0x000000001b300000 - 0x000000001b304000 	C:\Program Files\Java\jdk1.8.0_161\jre\bin\api-ms-win-core-file-l1-1-0.dll
0x000000001b310000 - 0x000000001b313000 	C:\Program Files\Java\jdk1.8.0_161\jre\bin\api-ms-win-core-file-l1-2-0.dll
0x000000001b320000 - 0x000000001b323000 	C:\Program Files\Java\jdk1.8.0_161\jre\bin\api-ms-win-core-file-l2-1-0.dll
0x000000001c7d0000 - 0x000000001c7d3000 	C:\Program Files\Java\jdk1.8.0_161\jre\bin\api-ms-win-core-handle-l1-1-0.dll
0x000000001ea80000 - 0x000000001ea83000 	C:\Program Files\Java\jdk1.8.0_161\jre\bin\api-ms-win-core-heap-l1-1-0.dll
0x000000001ea90000 - 0x000000001ea93000 	C:\Program Files\Java\jdk1.8.0_161\jre\bin\api-ms-win-core-interlocked-l1-1-0.dll
0x000000001eaa0000 - 0x000000001eaa3000 	C:\Program Files\Java\jdk1.8.0_161\jre\bin\api-ms-win-core-libraryloader-l1-1-0.dll
0x000000001eab0000 - 0x000000001eab3000 	C:\Program Files\Java\jdk1.8.0_161\jre\bin\api-ms-win-core-localization-l1-2-0.dll
0x000000001eac0000 - 0x000000001eac3000 	C:\Program Files\Java\jdk1.8.0_161\jre\bin\api-ms-win-core-memory-l1-1-0.dll
0x000000001ead0000 - 0x000000001ead3000 	C:\Program Files\Java\jdk1.8.0_161\jre\bin\api-ms-win-core-namedpipe-l1-1-0.dll
0x000000001eae0000 - 0x000000001eae3000 	C:\Program Files\Java\jdk1.8.0_161\jre\bin\api-ms-win-core-processenvironment-l1-1-0.dll
0x000000001eaf0000 - 0x000000001eaf3000 	C:\Program Files\Java\jdk1.8.0_161\jre\bin\api-ms-win-core-processthreads-l1-1-0.dll
0x000000001eb00000 - 0x000000001eb03000 	C:\Program Files\Java\jdk1.8.0_161\jre\bin\api-ms-win-core-processthreads-l1-1-1.dll
0x000000001eb10000 - 0x000000001eb13000 	C:\Program Files\Java\jdk1.8.0_161\jre\bin\api-ms-win-core-profile-l1-1-0.dll
0x000000001eb20000 - 0x000000001eb23000 	C:\Program Files\Java\jdk1.8.0_161\jre\bin\api-ms-win-core-rtlsupport-l1-1-0.dll

VM Arguments:
jvm_args: -Dfile.encoding=UTF-8 
java_command: remotemapper.RemoteMapper
java_class_path (initial): C:\Users\rohu7\OneDrive\Smart Crew\RemoteMapper\lib\jSerialComm-2.0.2.jar;D:\Applications\Programming\NetBeans 8.2\java\modules\ext\AbsoluteLayout.jar;C:\Users\rohu7\OneDrive\Smart Crew\RemoteMapper\lib\jdom-2.0.6\jdom-2.0.6.jar;C:\Users\rohu7\OneDrive\Smart Crew\RemoteMapper\build\classes
Launcher Type: SUN_STANDARD

Environment Variables:
PATH=C:\Program Files\Microsoft MPI\Bin\;D:\Applications\Programming\Python\Scripts\;D:\Applications\Programming\Python\;C:\Program Files (x86)\Common Files\Oracle\Java\javapath;C:\ProgramData\Oracle\Java\javapath;C:\Program Files (x86)\Intel\iCLS Client\;C:\Program Files\Intel\iCLS Client\;C:\Windows\system32;C:\Windows;C:\Windows\System32\Wbem;C:\Windows\System32\WindowsPowerShell\v1.0\;C:\Program Files (x86)\NVIDIA Corporation\PhysX\Common;C:\Program Files (x86)\Intel\Intel(R) Management Engine Components\DAL;C:\Program Files\Intel\Intel(R) Management Engine Components\DAL;C:\Program Files (x86)\Intel\Intel(R) Management Engine Components\IPT;C:\Program Files\Intel\Intel(R) Management Engine Components\IPT;C:\WINDOWS\system32;C:\WINDOWS;C:\WINDOWS\System32\Wbem;C:\WINDOWS\System32\WindowsPowerShell\v1.0\;D:\Applications\Utility\Putty\;D:\Applications\Programming\MinGW\bin;C:\Program Files\Java\jdk1.8.0_161\bin;C:\WINDOWS\System32\OpenSSH\;C:\Program Files\dotnet\;D:\Applications\Utility\MAMP\bin\mysql\bin;D:\Applications\Programming\Anaconda2;D:\Applications\Programming\Anaconda2\Scripts;D:\Applications\Programming\Anaconda2\Library\bin;C:\Users\rohu7\AppData\Local\Microsoft\WindowsApps;D:\Applications\Programming\JarToExe\;C:\Users\rohu7\AppData\Local\GitHubDesktop\bin;D:\Applications\Utility\Midnight Commander;C:\Users\rohu7\AppData\Local\atom\bin
USERNAME=rohu7
OS=Windows_NT
PROCESSOR_IDENTIFIER=Intel64 Family 6 Model 142 Stepping 9, GenuineIntel



---------------  S Y S T E M  ---------------

OS: Windows 10.0 , 64 bit Build 17134 (10.0.17134.1)

CPU:total 4 (initial active 4) (2 cores per cpu, 2 threads per core) family 6 model 142 stepping 9, cmov, cx8, fxsr, mmx, sse, sse2, sse3, ssse3, sse4.1, sse4.2, popcnt, avx, avx2, aes, clmul, erms, 3dnowpref, lzcnt, ht, tsc, tscinvbit, bmi1, bmi2, adx

Memory: 4k page, physical 8266216k(2460160k free), swap 10101224k(2621984k free)

vm_info: Java HotSpot(TM) 64-Bit Server VM (25.161-b12) for windows-amd64 JRE (1.8.0_161-b12), built on Dec 19 2017 17:52:25 by "java_re" with MS VC++ 10.0 (VS2010)

time: Tue Aug 21 11:38:32 2018
elapsed time: 587 seconds (0d 0h 9m 47s)

